#
# A fatal error has been detected by the Java Runtime Environment:
#
#  EXCEPTION_ACCESS_VIOLATION (0xc0000005) at pc=0x000000006ec4b5bb, pid=13796, tid=3156
#
# JRE version: OpenJDK Runtime Environment (16.0.2+7) (build 16.0.2+7-67)
# Java VM: OpenJDK 64-Bit Server VM (16.0.2+7-67, mixed mode, sharing, tiered, compressed oops, compressed class ptrs, g1 gc, windows-amd64)
# Problematic frame:
# C  [jSSC-2.7_x86_64.dll+0xb5bb]
#
# No core dump will be written. Minidumps are not enabled by default on client versions of Windows
#
# If you would like to submit a bug report, please visit:
#   https://bugreport.java.com/bugreport/crash.jsp
# The crash happened outside the Java Virtual Machine in native code.
# See problematic frame for where to report the bug.
#

---------------  S U M M A R Y ------------

Command Line: -javaagent:C:\Program Files\JetBrains\IntelliJ IDEA Community Edition 2021.2.1\lib\idea_rt.jar=52256:C:\Program Files\JetBrains\IntelliJ IDEA Community Edition 2021.2.1\bin -Dfile.encoding=UTF-8 Mainwindow

Host: Intel(R) Core(TM) i5-9300H CPU @ 2.40GHz, 8 cores, 15G,  Windows 10 , 64 bit Build 19041 (10.0.19041.1741)
Time: Sun Jun 26 23:41:15 2022 RTZ 2 (s 10 , 64 bit Build 19041 (10.0.19041.1741) elapsed time: 4.600872 seconds (0d 0h 0m 4s)

---------------  T H R E A D  ---------------

Current thread (0x000002aac08ee960):  JavaThread "AWT-EventQueue-0" [_thread_in_native, id=3156, stack(0x000000b98e600000,0x000000b98e700000)]

Stack: [0x000000b98e600000,0x000000b98e700000],  sp=0x000000b98e6fdd50,  free space=1015k
Native frames: (J=compiled Java code, j=interpreted, Vv=VM code, C=native code)
C  [jSSC-2.7_x86_64.dll+0xb5bb]

Java frames: (J=compiled Java code, j=interpreted, Vv=VM code)
j  jssc.SerialNativeInterface.openPort(Ljava/lang/String;Z)J+0
j  jssc.SerialPort.openPort()Z+65
j  Comwork.Port()V+3
j  Mainwindow$1.actionPerformed(Ljava/awt/event/ActionEvent;)V+32
j  javax.swing.AbstractButton.fireActionPerformed(Ljava/awt/event/ActionEvent;)V+84 java.desktop@16.0.2
j  javax.swing.AbstractButton$Handler.actionPerformed(Ljava/awt/event/ActionEvent;)V+5 java.desktop@16.0.2
j  javax.swing.DefaultButtonModel.fireActionPerformed(Ljava/awt/event/ActionEvent;)V+34 java.desktop@16.0.2
j  javax.swing.DefaultButtonModel.setPressed(Z)V+117 java.desktop@16.0.2
j  javax.swing.plaf.basic.BasicButtonListener.mouseReleased(Ljava/awt/event/MouseEvent;)V+35 java.desktop@16.0.2
j  java.awt.Component.processMouseEvent(Ljava/awt/event/MouseEvent;)V+64 java.desktop@16.0.2
j  javax.swing.JComponent.processMouseEvent(Ljava/awt/event/MouseEvent;)V+23 java.desktop@16.0.2
j  java.awt.Component.processEvent(Ljava/awt/AWTEvent;)V+81 java.desktop@16.0.2
j  java.awt.Container.processEvent(Ljava/awt/AWTEvent;)V+18 java.desktop@16.0.2
j  java.awt.Component.dispatchEventImpl(Ljava/awt/AWTEvent;)V+496 java.desktop@16.0.2
J 903 c1 java.awt.Container.dispatchEventImpl(Ljava/awt/AWTEvent;)V java.desktop@16.0.2 (129 bytes) @ 0x000002aaa4db471c [0x000002aaa4db45e0+0x000000000000013c]
j  java.awt.Component.dispatchEvent(Ljava/awt/AWTEvent;)V+2 java.desktop@16.0.2
j  java.awt.LightweightDispatcher.retargetMouseEvent(Ljava/awt/Component;ILjava/awt/event/MouseEvent;)V+349 java.desktop@16.0.2
j  java.awt.LightweightDispatcher.processMouseEvent(Ljava/awt/event/MouseEvent;)Z+155 java.desktop@16.0.2
j  java.awt.LightweightDispatcher.dispatchEvent(Ljava/awt/AWTEvent;)Z+50 java.desktop@16.0.2
J 903 c1 java.awt.Container.dispatchEventImpl(Ljava/awt/AWTEvent;)V java.desktop@16.0.2 (129 bytes) @ 0x000002aaa4db46bc [0x000002aaa4db45e0+0x00000000000000dc]
j  java.awt.Window.dispatchEventImpl(Ljava/awt/AWTEvent;)V+19 java.desktop@16.0.2
J 884 c1 java.awt.EventQueue.dispatchEventImpl(Ljava/awt/AWTEvent;Ljava/lang/Object;)V java.desktop@16.0.2 (136 bytes) @ 0x000002aaa4da8af4 [0x000002aaa4da8600+0x00000000000004f4]
J 883 c1 java.awt.EventQueue$4.run()Ljava/lang/Void; java.desktop@16.0.2 (60 bytes) @ 0x000002aaa4da7ec4 [0x000002aaa4da7d80+0x0000000000000144]
J 904 c1 java.awt.EventQueue$4.run()Ljava/lang/Object; java.desktop@16.0.2 (5 bytes) @ 0x000002aaa4db5434 [0x000002aaa4db53c0+0x0000000000000074]
J 820 c1 java.security.ProtectionDomain$JavaSecurityAccessImpl.doIntersectionPrivilege(Ljava/security/PrivilegedAction;Ljava/security/AccessControlContext;Ljava/security/AccessControlContext;)Ljava/lang/Object; java.base@16.0.2 (22 bytes) @ 0x000002aaa4d81554 [0x000002aaa4d812c0+0x0000000000000294]
J 850 c1 java.awt.EventQueue.dispatchEvent(Ljava/awt/AWTEvent;)V java.desktop@16.0.2 (80 bytes) @ 0x000002aaa4d91274 [0x000002aaa4d90760+0x0000000000000b14]
J 853 c1 java.awt.EventDispatchThread.pumpOneEventForFilters(I)V java.desktop@16.0.2 (113 bytes) @ 0x000002aaa4d93d44 [0x000002aaa4d936a0+0x00000000000006a4]
j  java.awt.EventDispatchThread.pumpEventsForFilter(ILjava/awt/Conditional;Ljava/awt/EventFilter;)V+35 java.desktop@16.0.2
j  java.awt.EventDispatchThread.pumpEventsForHierarchy(ILjava/awt/Conditional;Ljava/awt/Component;)V+11 java.desktop@16.0.2
j  java.awt.EventDispatchThread.pumpEvents(ILjava/awt/Conditional;)V+4 java.desktop@16.0.2
j  java.awt.EventDispatchThread.pumpEvents(Ljava/awt/Conditional;)V+3 java.desktop@16.0.2
j  java.awt.EventDispatchThread.run()V+9 java.desktop@16.0.2
v  ~StubRoutines::call_stub

siginfo: EXCEPTION_ACCESS_VIOLATION (0xc0000005), reading address 0xffffffffc2786bea


Register to memory mapping:

RIP=0x000000006ec4b5bb jSSC-2.7_x86_64.dll
RAX=0xffffffffc2786bea is an unknown value
RBX=0x000000b98e6fddc0 is pointing into the stack for thread: 0x000002aac08ee960
RCX=0x00007ff97d48cf24 ntdll.dll
RDX=0x0 is NULL
RSP=0x000000b98e6fdd50 is pointing into the stack for thread: 0x000002aac08ee960
RBP=0x000000b98e6fded0 is pointing into the stack for thread: 0x000002aac08ee960
RSI=0x000002aac08eec70 points into unknown readable memory: 0x00007ff90fcb33d0 | d0 33 cb 0f f9 7f 00 00
RDI=0x00000000000006ac is an unknown value
R8 =0x000000b98e6fdc48 is pointing into the stack for thread: 0x000002aac08ee960
R9 =0x000000b98e6fdd40 is pointing into the stack for thread: 0x000002aac08ee960
R10=0x0 is NULL
R11=0x0000000000000246 is an unknown value
R12=0x000000b98e6fdf88 is pointing into the stack for thread: 0x000002aac08ee960
R13=0x000002aac089b1d0 points into unknown readable memory: 0x007265000000005c | 5c 00 00 00 00 65 72 00
R14=0x000000b98e6fde80 is pointing into the stack for thread: 0x000002aac08ee960
R15=0x000002aac08ee960 is a thread


Registers:
RAX=0xffffffffc2786bea, RBX=0x000000b98e6fddc0, RCX=0x00007ff97d48cf24, RDX=0x0000000000000000
RSP=0x000000b98e6fdd50, RBP=0x000000b98e6fded0, RSI=0x000002aac08eec70, RDI=0x00000000000006ac
R8 =0x000000b98e6fdc48, R9 =0x000000b98e6fdd40, R10=0x0000000000000000, R11=0x0000000000000246
R12=0x000000b98e6fdf88, R13=0x000002aac089b1d0, R14=0x000000b98e6fde80, R15=0x000002aac08ee960
RIP=0x000000006ec4b5bb, EFLAGS=0x0000000000010202

Top of Stack: (sp=0x000000b98e6fdd50)
0x000000b98e6fdd50:   000002aac3482b20 000002aac089b160
0x000000b98e6fdd60:   000000006ec4b210 000002aa9ae60000
0x000000b98e6fdd70:   000002aa9ad90000 0000000000000004
0x000000b98e6fdd80:   000002aac08eec70 00000000000006ac
0x000000b98e6fdd90:   000000b98e6fded0 000000006ec52570
0x000000b98e6fdda0:   000002aac08ee960 000000b98e6fde80
0x000000b98e6fddb0:   000002aac089b1d0 000000b98e6fdf88
0x000000b98e6fddc0:   000002aac089b1d0 00007ff97d4147b1
0x000000b98e6fddd0:   000000b98e6fde00 000002aa9ae60000
0x000000b98e6fdde0:   000000b98e6fded0 0000000000000000
0x000000b98e6fddf0:   000000006ec534e0 000000006ec53bc8
0x000000b98e6fde00:   000000b98e6fde30 000000006ec52621
0x000000b98e6fde10:   000000b98e6fdda0 000002aac08eec70
0x000000b98e6fde20:   0000000000000000 0000000000000000
0x000000b98e6fde30:   000000b98e6fded0 000000006ec41575
0x000000b98e6fde40:   000000000000001c 000002aa00000000 

Instructions: (pc=0x000000006ec4b5bb)
0x000000006ec4b4bb:   48 85 c0 74 bf 44 8b 03 45 85 c0 0f 84 77 ff ff
0x000000006ec4b4cb:   ff eb 9f 66 90 e8 8b fe ff ff 48 89 05 2c 34 01
0x000000006ec4b4db:   00 eb ad 66 90 e8 7b fe ff ff 48 89 05 1c 34 01
0x000000006ec4b4eb:   00 eb 8b e8 8d fe ff ff c7 03 01 00 00 00 e9 6f
0x000000006ec4b4fb:   ff ff ff 66 90 55 48 89 e5 56 53 48 83 ec 20 48
0x000000006ec4b50b:   8b 05 f7 33 01 00 48 8b 31 48 89 cb 48 85 c0 74
0x000000006ec4b51b:   56 44 8b 18 45 85 db 78 42 48 8b 05 dd 33 01 00
0x000000006ec4b52b:   48 85 c0 74 50 44 8b 10 45 85 d2 74 1d 48 89 f1
0x000000006ec4b53b:   e8 d0 fd ff ff 48 8b 13 48 8d 42 40 48 8b 48 08
0x000000006ec4b54b:   48 8b 6a 40 48 8b 60 10 ff e1 48 8b 05 bc 33 01
0x000000006ec4b55b:   00 48 85 c0 74 2d 48 89 30 eb da e8 b5 fe ff ff
0x000000006ec4b56b:   0f 1f 44 00 00 eb b2 e8 e9 fd ff ff 48 89 05 8a
0x000000006ec4b57b:   33 01 00 eb 9c e8 db fd ff ff 48 89 05 7c 33 01
0x000000006ec4b58b:   00 eb a2 e8 3d fd ff ff 48 89 05 7e 33 01 00 eb
0x000000006ec4b59b:   c5 0f 1f 40 00 55 57 56 53 48 83 ec 28 48 8b 05
0x000000006ec4b5ab:   59 33 01 00 48 89 cb 48 85 c0 0f 84 c5 00 00 00
0x000000006ec4b5bb:   8b 38 85 ff 0f 88 ab 00 00 00 48 8b 05 3c 33 01
0x000000006ec4b5cb:   00 48 85 c0 0f 84 bc 00 00 00 8b 30 85 f6 74 57
0x000000006ec4b5db:   48 8b 05 2e 33 01 00 48 85 c0 0f 84 e5 00 00 00
0x000000006ec4b5eb:   8b 28 48 8b 35 30 5e 01 00 ff d6 89 c7 89 e9 ff
0x000000006ec4b5fb:   15 14 5f 01 00 89 f9 48 89 c5 ff 15 d9 5e 01 00
0x000000006ec4b60b:   48 8b 05 fe 32 01 00 48 89 2b 48 85 c0 74 46 48
0x000000006ec4b61b:   89 da 8b 08 ff 15 f7 5e 01 00 85 c0 74 27 48 83
0x000000006ec4b62b:   c4 28 5b 5e 5f 5d c3 48 8b 05 df 32 01 00 48 85
0x000000006ec4b63b:   c0 74 64 48 8b 10 48 89 13 48 89 18 48 83 c4 28
0x000000006ec4b64b:   5b 5e 5f 5d c3 48 89 f2 48 83 c4 28 5b 5e 5f 5d
0x000000006ec4b65b:   48 ff e2 66 90 e8 8b fc ff ff 48 89 05 a4 32 01
0x000000006ec4b66b:   00 eb ac 66 90 e8 ab fd ff ff e9 4b ff ff ff 66
0x000000006ec4b67b:   0f 1f 44 00 00 e8 db fc ff ff 48 89 05 7c 32 01
0x000000006ec4b68b:   00 e9 2a ff ff ff e8 ca fc ff ff 48 89 05 6b 32
0x000000006ec4b69b:   01 00 e9 33 ff ff ff e8 29 fc ff ff 48 89 05 6a
0x000000006ec4b6ab:   32 01 00 48 8b 10 48 85 c0 48 89 13 75 8b e8 12 


Stack slot to memory mapping:
stack at sp + 0 slots: 0x000002aac3482b20 points into unknown readable memory: 0x005c002e005c005c | 5c 00 5c 00 2e 00 5c 00
stack at sp + 1 slots: 0x000002aac089b160 points into unknown readable memory: 0x000002aac145cea0 | a0 ce 45 c1 aa 02 00 00
stack at sp + 2 slots: 0x000000006ec4b210 jSSC-2.7_x86_64.dll
stack at sp + 3 slots: 0x000002aa9ae60000 points into unknown readable memory: 0x0000000000000000 | 00 00 00 00 00 00 00 00
stack at sp + 4 slots: 0x000002aa9ad90000 points into unknown readable memory: 0x0000000000000000 | 00 00 00 00 00 00 00 00
stack at sp + 5 slots: 0x0000000000000004 is an unknown value
stack at sp + 6 slots: 0x000002aac08eec70 points into unknown readable memory: 0x00007ff90fcb33d0 | d0 33 cb 0f f9 7f 00 00
stack at sp + 7 slots: 0x00000000000006ac is an unknown value


---------------  P R O C E S S  ---------------

Threads class SMR info:
_java_thread_list=0x000002aac148a070, length=19, elements={
0x000002aabfaa5d60, 0x000002aabfaa6c20, 0x000002aabfaba5f0, 0x000002aabfabd100,
0x000002aabfabdb00, 0x000002aabfac2520, 0x000002aabfac3300, 0x000002aabfac3df0,
0x000002aabfac6840, 0x000002aabfa834c0, 0x000002aac06d9150, 0x000002aac06d9670,
0x000002aac0838420, 0x000002aac0856380, 0x000002aac085db30, 0x000002aac08ee960,
0x000002aa9cf39aa0, 0x000002aac14af5a0, 0x000002aac14ae3b0
}

Java Threads: ( => current thread )
  0x000002aabfaa5d60 JavaThread "Reference Handler" daemon [_thread_blocked, id=2008, stack(0x000000b98d600000,0x000000b98d700000)]
  0x000002aabfaa6c20 JavaThread "Finalizer" daemon [_thread_blocked, id=3304, stack(0x000000b98d700000,0x000000b98d800000)]
  0x000002aabfaba5f0 JavaThread "Signal Dispatcher" daemon [_thread_blocked, id=11808, stack(0x000000b98d800000,0x000000b98d900000)]
  0x000002aabfabd100 JavaThread "Attach Listener" daemon [_thread_blocked, id=8348, stack(0x000000b98d900000,0x000000b98da00000)]
  0x000002aabfabdb00 JavaThread "Service Thread" daemon [_thread_blocked, id=10060, stack(0x000000b98da00000,0x000000b98db00000)]
  0x000002aabfac2520 JavaThread "Monitor Deflation Thread" daemon [_thread_blocked, id=13048, stack(0x000000b98db00000,0x000000b98dc00000)]
  0x000002aabfac3300 JavaThread "C2 CompilerThread0" daemon [_thread_blocked, id=11280, stack(0x000000b98dc00000,0x000000b98dd00000)]
  0x000002aabfac3df0 JavaThread "C1 CompilerThread0" daemon [_thread_blocked, id=7184, stack(0x000000b98dd00000,0x000000b98de00000)]
  0x000002aabfac6840 JavaThread "Sweeper thread" daemon [_thread_blocked, id=9036, stack(0x000000b98de00000,0x000000b98df00000)]
  0x000002aabfa834c0 JavaThread "Common-Cleaner" daemon [_thread_blocked, id=8132, stack(0x000000b98df00000,0x000000b98e000000)]
  0x000002aac06d9150 JavaThread "Monitor Ctrl-Break" daemon [_thread_in_native, id=12500, stack(0x000000b98e000000,0x000000b98e100000)]
  0x000002aac06d9670 JavaThread "Notification Thread" daemon [_thread_blocked, id=7792, stack(0x000000b98e100000,0x000000b98e200000)]
  0x000002aac0838420 JavaThread "Java2D Disposer" daemon [_thread_blocked, id=9596, stack(0x000000b98e300000,0x000000b98e400000)]
  0x000002aac0856380 JavaThread "AWT-Shutdown" [_thread_blocked, id=5796, stack(0x000000b98e400000,0x000000b98e500000)]
  0x000002aac085db30 JavaThread "AWT-Windows" daemon [_thread_in_native, id=3108, stack(0x000000b98e500000,0x000000b98e600000)]
=>0x000002aac08ee960 JavaThread "AWT-EventQueue-0" [_thread_in_native, id=3156, stack(0x000000b98e600000,0x000000b98e700000)]
  0x000002aa9cf39aa0 JavaThread "DestroyJavaVM" [_thread_blocked, id=7628, stack(0x000000b98cf00000,0x000000b98d000000)]
  0x000002aac14af5a0 JavaThread "C2 CompilerThread1" daemon [_thread_blocked, id=3036, stack(0x000000b98e900000,0x000000b98ea00000)]
  0x000002aac14ae3b0 JavaThread "C2 CompilerThread2" daemon [_thread_in_native, id=7692, stack(0x000000b98ea00000,0x000000b98eb00000)]

Other Threads:
  0x000002aabfaa2980 VMThread "VM Thread" [stack: 0x000000b98d500000,0x000000b98d600000] [id=3104]
  0x000002aa9cf3a8b0 WatcherThread [stack: 0x000000b98e200000,0x000000b98e300000] [id=9916]
  0x000002aa9cf88440 GCTaskThread "GC Thread#0" [stack: 0x000000b98d000000,0x000000b98d100000] [id=5376]
  0x000002aa9cf99200 ConcurrentGCThread "G1 Main Marker" [stack: 0x000000b98d100000,0x000000b98d200000] [id=4168]
  0x000002aa9cf9b080 ConcurrentGCThread "G1 Conc#0" [stack: 0x000000b98d200000,0x000000b98d300000] [id=11288]
  0x000002aa9d00f370 ConcurrentGCThread "G1 Refine#0" [stack: 0x000000b98d300000,0x000000b98d400000] [id=3092]
  0x000002aa9d00fdf0 ConcurrentGCThread "G1 Service" [stack: 0x000000b98d400000,0x000000b98d500000] [id=12860]

Threads with active compile tasks:
C2 CompilerThread2     4801 1251 % !   4       com.sun.crypto.provider.PBKDF2KeyImpl::deriveKey @ 191 (295 bytes)

VM state: not at safepoint (normal execution)

VM Mutex/Monitor currently owned by a thread: None

Heap address: 0x0000000702800000, size: 4056 MB, Compressed Oops mode: Zero based, Oop shift amount: 3

CDS archive(s) mapped at: [0x0000000800000000-0x0000000800bb0000-0x0000000800bb0000), size 12255232, SharedBaseAddress: 0x0000000800000000, ArchiveRelocationMode: 0.
Compressed class space mapped at: 0x0000000800c00000-0x0000000840c00000, reserved size: 1073741824
Narrow klass base: 0x0000000800000000, Narrow klass shift: 3, Narrow klass range: 0x100000000

GC Precious Log:
 CPUs: 8 total, 8 available
 Memory: 16221M
 Large Page Support: Disabled
 NUMA Support: Disabled
 Compressed Oops: Enabled (Zero based)
 Heap Region Size: 2M
 Heap Min Capacity: 8M
 Heap Initial Capacity: 254M
 Heap Max Capacity: 4056M
 Pre-touch: Disabled
 Parallel Workers: 8
 Concurrent Workers: 2
 Concurrent Refinement Workers: 8
 Periodic GC: Disabled

Heap:
 garbage-first heap   total 260096K, used 18432K [0x0000000702800000, 0x0000000800000000)
  region size 2048K, 9 young (18432K), 0 survivors (0K)
 Metaspace       used 11269K, committed 11520K, reserved 1064960K
  class space    used 1243K, committed 1408K, reserved 1048576K

Heap Regions: E=young(eden), S=young(survivor), O=old, HS=humongous(starts), HC=humongous(continues), CS=collection set, F=free, OA=open archive, CA=closed archive, TAMS=top-at-mark-start (previous, next)
|   0|0x0000000702800000, 0x0000000702a00000, 0x0000000702a00000|100%|HS|  |TAMS 0x0000000702800000, 0x0000000702800000| Complete 
|   1|0x0000000702a00000, 0x0000000702a00000, 0x0000000702c00000|  0%| F|  |TAMS 0x0000000702a00000, 0x0000000702a00000| Untracked 
|   2|0x0000000702c00000, 0x0000000702c00000, 0x0000000702e00000|  0%| F|  |TAMS 0x0000000702c00000, 0x0000000702c00000| Untracked 
|   3|0x0000000702e00000, 0x0000000702e00000, 0x0000000703000000|  0%| F|  |TAMS 0x0000000702e00000, 0x0000000702e00000| Untracked 
|   4|0x0000000703000000, 0x0000000703000000, 0x0000000703200000|  0%| F|  |TAMS 0x0000000703000000, 0x0000000703000000| Untracked 
|   5|0x0000000703200000, 0x0000000703200000, 0x0000000703400000|  0%| F|  |TAMS 0x0000000703200000, 0x0000000703200000| Untracked 
|   6|0x0000000703400000, 0x0000000703400000, 0x0000000703600000|  0%| F|  |TAMS 0x0000000703400000, 0x0000000703400000| Untracked 
|   7|0x0000000703600000, 0x0000000703600000, 0x0000000703800000|  0%| F|  |TAMS 0x0000000703600000, 0x0000000703600000| Untracked 
|   8|0x0000000703800000, 0x0000000703800000, 0x0000000703a00000|  0%| F|  |TAMS 0x0000000703800000, 0x0000000703800000| Untracked 
|   9|0x0000000703a00000, 0x0000000703a00000, 0x0000000703c00000|  0%| F|  |TAMS 0x0000000703a00000, 0x0000000703a00000| Untracked 
|  10|0x0000000703c00000, 0x0000000703c00000, 0x0000000703e00000|  0%| F|  |TAMS 0x0000000703c00000, 0x0000000703c00000| Untracked 
|  11|0x0000000703e00000, 0x0000000703e00000, 0x0000000704000000|  0%| F|  |TAMS 0x0000000703e00000, 0x0000000703e00000| Untracked 
|  12|0x0000000704000000, 0x0000000704000000, 0x0000000704200000|  0%| F|  |TAMS 0x0000000704000000, 0x0000000704000000| Untracked 
|  13|0x0000000704200000, 0x0000000704200000, 0x0000000704400000|  0%| F|  |TAMS 0x0000000704200000, 0x0000000704200000| Untracked 
|  14|0x0000000704400000, 0x0000000704400000, 0x0000000704600000|  0%| F|  |TAMS 0x0000000704400000, 0x0000000704400000| Untracked 
|  15|0x0000000704600000, 0x0000000704600000, 0x0000000704800000|  0%| F|  |TAMS 0x0000000704600000, 0x0000000704600000| Untracked 
|  16|0x0000000704800000, 0x0000000704800000, 0x0000000704a00000|  0%| F|  |TAMS 0x0000000704800000, 0x0000000704800000| Untracked 
|  17|0x0000000704a00000, 0x0000000704a00000, 0x0000000704c00000|  0%| F|  |TAMS 0x0000000704a00000, 0x0000000704a00000| Untracked 
|  18|0x0000000704c00000, 0x0000000704c00000, 0x0000000704e00000|  0%| F|  |TAMS 0x0000000704c00000, 0x0000000704c00000| Untracked 
|  19|0x0000000704e00000, 0x0000000704e00000, 0x0000000705000000|  0%| F|  |TAMS 0x0000000704e00000, 0x0000000704e00000| Untracked 
|  20|0x0000000705000000, 0x0000000705000000, 0x0000000705200000|  0%| F|  |TAMS 0x0000000705000000, 0x0000000705000000| Untracked 
|  21|0x0000000705200000, 0x0000000705200000, 0x0000000705400000|  0%| F|  |TAMS 0x0000000705200000, 0x0000000705200000| Untracked 
|  22|0x0000000705400000, 0x0000000705400000, 0x0000000705600000|  0%| F|  |TAMS 0x0000000705400000, 0x0000000705400000| Untracked 
|  23|0x0000000705600000, 0x0000000705600000, 0x0000000705800000|  0%| F|  |TAMS 0x0000000705600000, 0x0000000705600000| Untracked 
|  24|0x0000000705800000, 0x0000000705800000, 0x0000000705a00000|  0%| F|  |TAMS 0x0000000705800000, 0x0000000705800000| Untracked 
|  25|0x0000000705a00000, 0x0000000705a00000, 0x0000000705c00000|  0%| F|  |TAMS 0x0000000705a00000, 0x0000000705a00000| Untracked 
|  26|0x0000000705c00000, 0x0000000705c00000, 0x0000000705e00000|  0%| F|  |TAMS 0x0000000705c00000, 0x0000000705c00000| Untracked 
|  27|0x0000000705e00000, 0x0000000705e00000, 0x0000000706000000|  0%| F|  |TAMS 0x0000000705e00000, 0x0000000705e00000| Untracked 
|  28|0x0000000706000000, 0x0000000706000000, 0x0000000706200000|  0%| F|  |TAMS 0x0000000706000000, 0x0000000706000000| Untracked 
|  29|0x0000000706200000, 0x0000000706200000, 0x0000000706400000|  0%| F|  |TAMS 0x0000000706200000, 0x0000000706200000| Untracked 
|  30|0x0000000706400000, 0x0000000706400000, 0x0000000706600000|  0%| F|  |TAMS 0x0000000706400000, 0x0000000706400000| Untracked 
|  31|0x0000000706600000, 0x0000000706600000, 0x0000000706800000|  0%| F|  |TAMS 0x0000000706600000, 0x0000000706600000| Untracked 
|  32|0x0000000706800000, 0x0000000706800000, 0x0000000706a00000|  0%| F|  |TAMS 0x0000000706800000, 0x0000000706800000| Untracked 
|  33|0x0000000706a00000, 0x0000000706a00000, 0x0000000706c00000|  0%| F|  |TAMS 0x0000000706a00000, 0x0000000706a00000| Untracked 
|  34|0x0000000706c00000, 0x0000000706c00000, 0x0000000706e00000|  0%| F|  |TAMS 0x0000000706c00000, 0x0000000706c00000| Untracked 
|  35|0x0000000706e00000, 0x0000000706e00000, 0x0000000707000000|  0%| F|  |TAMS 0x0000000706e00000, 0x0000000706e00000| Untracked 
|  36|0x0000000707000000, 0x0000000707000000, 0x0000000707200000|  0%| F|  |TAMS 0x0000000707000000, 0x0000000707000000| Untracked 
|  37|0x0000000707200000, 0x0000000707200000, 0x0000000707400000|  0%| F|  |TAMS 0x0000000707200000, 0x0000000707200000| Untracked 
|  38|0x0000000707400000, 0x0000000707400000, 0x0000000707600000|  0%| F|  |TAMS 0x0000000707400000, 0x0000000707400000| Untracked 
|  39|0x0000000707600000, 0x0000000707600000, 0x0000000707800000|  0%| F|  |TAMS 0x0000000707600000, 0x0000000707600000| Untracked 
|  40|0x0000000707800000, 0x0000000707800000, 0x0000000707a00000|  0%| F|  |TAMS 0x0000000707800000, 0x0000000707800000| Untracked 
|  41|0x0000000707a00000, 0x0000000707a00000, 0x0000000707c00000|  0%| F|  |TAMS 0x0000000707a00000, 0x0000000707a00000| Untracked 
|  42|0x0000000707c00000, 0x0000000707c00000, 0x0000000707e00000|  0%| F|  |TAMS 0x0000000707c00000, 0x0000000707c00000| Untracked 
|  43|0x0000000707e00000, 0x0000000707e00000, 0x0000000708000000|  0%| F|  |TAMS 0x0000000707e00000, 0x0000000707e00000| Untracked 
|  44|0x0000000708000000, 0x0000000708000000, 0x0000000708200000|  0%| F|  |TAMS 0x0000000708000000, 0x0000000708000000| Untracked 
|  45|0x0000000708200000, 0x0000000708200000, 0x0000000708400000|  0%| F|  |TAMS 0x0000000708200000, 0x0000000708200000| Untracked 
|  46|0x0000000708400000, 0x0000000708400000, 0x0000000708600000|  0%| F|  |TAMS 0x0000000708400000, 0x0000000708400000| Untracked 
|  47|0x0000000708600000, 0x0000000708600000, 0x0000000708800000|  0%| F|  |TAMS 0x0000000708600000, 0x0000000708600000| Untracked 
|  48|0x0000000708800000, 0x0000000708800000, 0x0000000708a00000|  0%| F|  |TAMS 0x0000000708800000, 0x0000000708800000| Untracked 
|  49|0x0000000708a00000, 0x0000000708a00000, 0x0000000708c00000|  0%| F|  |TAMS 0x0000000708a00000, 0x0000000708a00000| Untracked 
|  50|0x0000000708c00000, 0x0000000708c00000, 0x0000000708e00000|  0%| F|  |TAMS 0x0000000708c00000, 0x0000000708c00000| Untracked 
|  51|0x0000000708e00000, 0x0000000708e00000, 0x0000000709000000|  0%| F|  |TAMS 0x0000000708e00000, 0x0000000708e00000| Untracked 
|  52|0x0000000709000000, 0x0000000709000000, 0x0000000709200000|  0%| F|  |TAMS 0x0000000709000000, 0x0000000709000000| Untracked 
|  53|0x0000000709200000, 0x0000000709200000, 0x0000000709400000|  0%| F|  |TAMS 0x0000000709200000, 0x0000000709200000| Untracked 
|  54|0x0000000709400000, 0x0000000709400000, 0x0000000709600000|  0%| F|  |TAMS 0x0000000709400000, 0x0000000709400000| Untracked 
|  55|0x0000000709600000, 0x0000000709600000, 0x0000000709800000|  0%| F|  |TAMS 0x0000000709600000, 0x0000000709600000| Untracked 
|  56|0x0000000709800000, 0x0000000709800000, 0x0000000709a00000|  0%| F|  |TAMS 0x0000000709800000, 0x0000000709800000| Untracked 
|  57|0x0000000709a00000, 0x0000000709a00000, 0x0000000709c00000|  0%| F|  |TAMS 0x0000000709a00000, 0x0000000709a00000| Untracked 
|  58|0x0000000709c00000, 0x0000000709c00000, 0x0000000709e00000|  0%| F|  |TAMS 0x0000000709c00000, 0x0000000709c00000| Untracked 
|  59|0x0000000709e00000, 0x0000000709e00000, 0x000000070a000000|  0%| F|  |TAMS 0x0000000709e00000, 0x0000000709e00000| Untracked 
|  60|0x000000070a000000, 0x000000070a000000, 0x000000070a200000|  0%| F|  |TAMS 0x000000070a000000, 0x000000070a000000| Untracked 
|  61|0x000000070a200000, 0x000000070a200000, 0x000000070a400000|  0%| F|  |TAMS 0x000000070a200000, 0x000000070a200000| Untracked 
|  62|0x000000070a400000, 0x000000070a400000, 0x000000070a600000|  0%| F|  |TAMS 0x000000070a400000, 0x000000070a400000| Untracked 
|  63|0x000000070a600000, 0x000000070a600000, 0x000000070a800000|  0%| F|  |TAMS 0x000000070a600000, 0x000000070a600000| Untracked 
|  64|0x000000070a800000, 0x000000070a800000, 0x000000070aa00000|  0%| F|  |TAMS 0x000000070a800000, 0x000000070a800000| Untracked 
|  65|0x000000070aa00000, 0x000000070aa00000, 0x000000070ac00000|  0%| F|  |TAMS 0x000000070aa00000, 0x000000070aa00000| Untracked 
|  66|0x000000070ac00000, 0x000000070ac00000, 0x000000070ae00000|  0%| F|  |TAMS 0x000000070ac00000, 0x000000070ac00000| Untracked 
|  67|0x000000070ae00000, 0x000000070ae00000, 0x000000070b000000|  0%| F|  |TAMS 0x000000070ae00000, 0x000000070ae00000| Untracked 
|  68|0x000000070b000000, 0x000000070b000000, 0x000000070b200000|  0%| F|  |TAMS 0x000000070b000000, 0x000000070b000000| Untracked 
|  69|0x000000070b200000, 0x000000070b200000, 0x000000070b400000|  0%| F|  |TAMS 0x000000070b200000, 0x000000070b200000| Untracked 
|  70|0x000000070b400000, 0x000000070b400000, 0x000000070b600000|  0%| F|  |TAMS 0x000000070b400000, 0x000000070b400000| Untracked 
|  71|0x000000070b600000, 0x000000070b600000, 0x000000070b800000|  0%| F|  |TAMS 0x000000070b600000, 0x000000070b600000| Untracked 
|  72|0x000000070b800000, 0x000000070b800000, 0x000000070ba00000|  0%| F|  |TAMS 0x000000070b800000, 0x000000070b800000| Untracked 
|  73|0x000000070ba00000, 0x000000070ba00000, 0x000000070bc00000|  0%| F|  |TAMS 0x000000070ba00000, 0x000000070ba00000| Untracked 
|  74|0x000000070bc00000, 0x000000070bc00000, 0x000000070be00000|  0%| F|  |TAMS 0x000000070bc00000, 0x000000070bc00000| Untracked 
|  75|0x000000070be00000, 0x000000070be00000, 0x000000070c000000|  0%| F|  |TAMS 0x000000070be00000, 0x000000070be00000| Untracked 
|  76|0x000000070c000000, 0x000000070c000000, 0x000000070c200000|  0%| F|  |TAMS 0x000000070c000000, 0x000000070c000000| Untracked 
|  77|0x000000070c200000, 0x000000070c200000, 0x000000070c400000|  0%| F|  |TAMS 0x000000070c200000, 0x000000070c200000| Untracked 
|  78|0x000000070c400000, 0x000000070c400000, 0x000000070c600000|  0%| F|  |TAMS 0x000000070c400000, 0x000000070c400000| Untracked 
|  79|0x000000070c600000, 0x000000070c600000, 0x000000070c800000|  0%| F|  |TAMS 0x000000070c600000, 0x000000070c600000| Untracked 
|  80|0x000000070c800000, 0x000000070c800000, 0x000000070ca00000|  0%| F|  |TAMS 0x000000070c800000, 0x000000070c800000| Untracked 
|  81|0x000000070ca00000, 0x000000070ca00000, 0x000000070cc00000|  0%| F|  |TAMS 0x000000070ca00000, 0x000000070ca00000| Untracked 
|  82|0x000000070cc00000, 0x000000070cc00000, 0x000000070ce00000|  0%| F|  |TAMS 0x000000070cc00000, 0x000000070cc00000| Untracked 
|  83|0x000000070ce00000, 0x000000070ce00000, 0x000000070d000000|  0%| F|  |TAMS 0x000000070ce00000, 0x000000070ce00000| Untracked 
|  84|0x000000070d000000, 0x000000070d000000, 0x000000070d200000|  0%| F|  |TAMS 0x000000070d000000, 0x000000070d000000| Untracked 
|  85|0x000000070d200000, 0x000000070d200000, 0x000000070d400000|  0%| F|  |TAMS 0x000000070d200000, 0x000000070d200000| Untracked 
|  86|0x000000070d400000, 0x000000070d400000, 0x000000070d600000|  0%| F|  |TAMS 0x000000070d400000, 0x000000070d400000| Untracked 
|  87|0x000000070d600000, 0x000000070d600000, 0x000000070d800000|  0%| F|  |TAMS 0x000000070d600000, 0x000000070d600000| Untracked 
|  88|0x000000070d800000, 0x000000070d800000, 0x000000070da00000|  0%| F|  |TAMS 0x000000070d800000, 0x000000070d800000| Untracked 
|  89|0x000000070da00000, 0x000000070da00000, 0x000000070dc00000|  0%| F|  |TAMS 0x000000070da00000, 0x000000070da00000| Untracked 
|  90|0x000000070dc00000, 0x000000070dc00000, 0x000000070de00000|  0%| F|  |TAMS 0x000000070dc00000, 0x000000070dc00000| Untracked 
|  91|0x000000070de00000, 0x000000070de00000, 0x000000070e000000|  0%| F|  |TAMS 0x000000070de00000, 0x000000070de00000| Untracked 
|  92|0x000000070e000000, 0x000000070e000000, 0x000000070e200000|  0%| F|  |TAMS 0x000000070e000000, 0x000000070e000000| Untracked 
|  93|0x000000070e200000, 0x000000070e200000, 0x000000070e400000|  0%| F|  |TAMS 0x000000070e200000, 0x000000070e200000| Untracked 
|  94|0x000000070e400000, 0x000000070e400000, 0x000000070e600000|  0%| F|  |TAMS 0x000000070e400000, 0x000000070e400000| Untracked 
|  95|0x000000070e600000, 0x000000070e600000, 0x000000070e800000|  0%| F|  |TAMS 0x000000070e600000, 0x000000070e600000| Untracked 
|  96|0x000000070e800000, 0x000000070e800000, 0x000000070ea00000|  0%| F|  |TAMS 0x000000070e800000, 0x000000070e800000| Untracked 
|  97|0x000000070ea00000, 0x000000070ea00000, 0x000000070ec00000|  0%| F|  |TAMS 0x000000070ea00000, 0x000000070ea00000| Untracked 
|  98|0x000000070ec00000, 0x000000070ec00000, 0x000000070ee00000|  0%| F|  |TAMS 0x000000070ec00000, 0x000000070ec00000| Untracked 
|  99|0x000000070ee00000, 0x000000070ee00000, 0x000000070f000000|  0%| F|  |TAMS 0x000000070ee00000, 0x000000070ee00000| Untracked 
| 100|0x000000070f000000, 0x000000070f000000, 0x000000070f200000|  0%| F|  |TAMS 0x000000070f000000, 0x000000070f000000| Untracked 
| 101|0x000000070f200000, 0x000000070f200000, 0x000000070f400000|  0%| F|  |TAMS 0x000000070f200000, 0x000000070f200000| Untracked 
| 102|0x000000070f400000, 0x000000070f400000, 0x000000070f600000|  0%| F|  |TAMS 0x000000070f400000, 0x000000070f400000| Untracked 
| 103|0x000000070f600000, 0x000000070f600000, 0x000000070f800000|  0%| F|  |TAMS 0x000000070f600000, 0x000000070f600000| Untracked 
| 104|0x000000070f800000, 0x000000070f800000, 0x000000070fa00000|  0%| F|  |TAMS 0x000000070f800000, 0x000000070f800000| Untracked 
| 105|0x000000070fa00000, 0x000000070fa00000, 0x000000070fc00000|  0%| F|  |TAMS 0x000000070fa00000, 0x000000070fa00000| Untracked 
| 106|0x000000070fc00000, 0x000000070fc00000, 0x000000070fe00000|  0%| F|  |TAMS 0x000000070fc00000, 0x000000070fc00000| Untracked 
| 107|0x000000070fe00000, 0x000000070fe00000, 0x0000000710000000|  0%| F|  |TAMS 0x000000070fe00000, 0x000000070fe00000| Untracked 
| 108|0x0000000710000000, 0x0000000710000000, 0x0000000710200000|  0%| F|  |TAMS 0x0000000710000000, 0x0000000710000000| Untracked 
| 109|0x0000000710200000, 0x0000000710200000, 0x0000000710400000|  0%| F|  |TAMS 0x0000000710200000, 0x0000000710200000| Untracked 
| 110|0x0000000710400000, 0x0000000710400000, 0x0000000710600000|  0%| F|  |TAMS 0x0000000710400000, 0x0000000710400000| Untracked 
| 111|0x0000000710600000, 0x0000000710600000, 0x0000000710800000|  0%| F|  |TAMS 0x0000000710600000, 0x0000000710600000| Untracked 
| 112|0x0000000710800000, 0x0000000710800000, 0x0000000710a00000|  0%| F|  |TAMS 0x0000000710800000, 0x0000000710800000| Untracked 
| 113|0x0000000710a00000, 0x0000000710a00000, 0x0000000710c00000|  0%| F|  |TAMS 0x0000000710a00000, 0x0000000710a00000| Untracked 
| 114|0x0000000710c00000, 0x0000000710c00000, 0x0000000710e00000|  0%| F|  |TAMS 0x0000000710c00000, 0x0000000710c00000| Untracked 
| 115|0x0000000710e00000, 0x0000000710e00000, 0x0000000711000000|  0%| F|  |TAMS 0x0000000710e00000, 0x0000000710e00000| Untracked 
| 116|0x0000000711000000, 0x0000000711000000, 0x0000000711200000|  0%| F|  |TAMS 0x0000000711000000, 0x0000000711000000| Untracked 
| 117|0x0000000711200000, 0x0000000711200000, 0x0000000711400000|  0%| F|  |TAMS 0x0000000711200000, 0x0000000711200000| Untracked 
| 118|0x0000000711400000, 0x0000000711471258, 0x0000000711600000| 22%| E|  |TAMS 0x0000000711400000, 0x0000000711400000| Complete 
| 119|0x0000000711600000, 0x0000000711800000, 0x0000000711800000|100%| E|CS|TAMS 0x0000000711600000, 0x0000000711600000| Complete 
| 120|0x0000000711800000, 0x0000000711a00000, 0x0000000711a00000|100%| E|CS|TAMS 0x0000000711800000, 0x0000000711800000| Complete 
| 121|0x0000000711a00000, 0x0000000711c00000, 0x0000000711c00000|100%| E|CS|TAMS 0x0000000711a00000, 0x0000000711a00000| Complete 
| 122|0x0000000711c00000, 0x0000000711e00000, 0x0000000711e00000|100%| E|CS|TAMS 0x0000000711c00000, 0x0000000711c00000| Complete 
| 123|0x0000000711e00000, 0x0000000712000000, 0x0000000712000000|100%| E|CS|TAMS 0x0000000711e00000, 0x0000000711e00000| Complete 
| 124|0x0000000712000000, 0x0000000712200000, 0x0000000712200000|100%| E|CS|TAMS 0x0000000712000000, 0x0000000712000000| Complete 
| 125|0x0000000712200000, 0x0000000712400000, 0x0000000712400000|100%| E|CS|TAMS 0x0000000712200000, 0x0000000712200000| Complete 
| 126|0x0000000712400000, 0x0000000712600000, 0x0000000712600000|100%| E|CS|TAMS 0x0000000712400000, 0x0000000712400000| Complete 

Card table byte_map: [0x000002aab41d0000,0x000002aab49c0000] _byte_map_base: 0x000002aab09bc000

Marking Bits (Prev, Next): (CMBitMap*) 0x000002aa9cf88ab0, (CMBitMap*) 0x000002aa9cf88af0
 Prev Bits: [0x000002aab51b0000, 0x000002aab9110000)
 Next Bits: [0x000002aab9110000, 0x000002aabd070000)

Polling page: 0x000002aa9ae40000

Metaspace:

Usage:
  Non-class:      9.79 MB used.
      Class:      1.21 MB used.
       Both:     11.01 MB used.

Virtual space:
  Non-class space:       16.00 MB reserved,       9.88 MB ( 62%) committed,  2 nodes.
      Class space:        1.00 GB reserved,       1.38 MB ( <1%) committed,  1 nodes.
              Both:        1.02 GB reserved,      11.25 MB (  1%) committed. 

Chunk freelists:
   Non-Class:  2.00 MB
       Class:  2.61 MB
        Both:  4.61 MB

MaxMetaspaceSize: 17179869184.00 GB
CompressedClassSpaceSize: 1.00 GB
 - commit_granule_bytes: 65536.
 - commit_granule_words: 8192.
 - virtual_space_node_default_size: 1048576.
 - enlarge_chunks_in_place: 1.
 - new_chunks_are_fully_committed: 0.
 - uncommit_free_chunks: 1.
 - use_allocation_guard: 0.
 - handle_deallocations: 1.


Internal statistics:

num_allocs_failed_limit: 0.
num_arena_births: 146.
num_arena_deaths: 0.
num_vsnodes_births: 3.
num_vsnodes_deaths: 0.
num_space_committed: 180.
num_space_uncommitted: 0.
num_chunks_returned_to_freelist: 0.
num_chunks_taken_from_freelist: 260.
num_chunk_merges: 0.
num_chunk_splits: 159.
num_chunks_enlarged: 94.
num_purges: 0.

CodeHeap 'non-profiled nmethods': size=120000Kb used=442Kb max_used=442Kb free=119557Kb
 bounds [0x000002aaac180000, 0x000002aaac3f0000, 0x000002aab36b0000]
CodeHeap 'profiled nmethods': size=120000Kb used=2368Kb max_used=2368Kb free=117631Kb
 bounds [0x000002aaa4c50000, 0x000002aaa4ec0000, 0x000002aaac180000]
CodeHeap 'non-nmethods': size=5760Kb used=1291Kb max_used=1327Kb free=4469Kb
 bounds [0x000002aaa46b0000, 0x000002aaa4920000, 0x000002aaa4c50000]
 total_blobs=1982 nmethods=1367 adapters=528
 compilation: enabled
              stopped_count=0, restarted_count=0
 full_count=0

Compilation events (20 events):
Event: 4.561 Thread 0x000002aabfac3df0 1362       3       sun.util.locale.InternalLocaleBuilder::clear (31 bytes)
Event: 4.561 Thread 0x000002aabfac3df0 nmethod 1362 0x000002aaa4e95a10 code [0x000002aaa4e95be0, 0x000002aaa4e95f08]
Event: 4.561 Thread 0x000002aabfac3df0 1363       3       sun.util.locale.LanguageTag::getExtlangs (24 bytes)
Event: 4.562 Thread 0x000002aabfac3df0 nmethod 1363 0x000002aaa4e95f90 code [0x000002aaa4e96200, 0x000002aaa4e96de8]
Event: 4.562 Thread 0x000002aabfac3df0 1364       3       sun.util.locale.InternalLocaleBuilder::setExtensions (206 bytes)
Event: 4.566 Thread 0x000002aac14af5a0 nmethod 1296 0x000002aaac1e8110 code [0x000002aaac1e8340, 0x000002aaac1e9b60]
Event: 4.566 Thread 0x000002aac14af5a0 1351       4       java.util.concurrent.ConcurrentHashMap::addCount (280 bytes)
Event: 4.566 Thread 0x000002aabfac3df0 nmethod 1364 0x000002aaa4e97110 code [0x000002aaa4e97620, 0x000002aaa4e9a038]
Event: 4.566 Thread 0x000002aabfac3df0 1365       3       sun.util.locale.LocaleUtils::isEmpty (19 bytes)
Event: 4.566 Thread 0x000002aabfac3df0 nmethod 1365 0x000002aaa4e9ae10 code [0x000002aaa4e9afc0, 0x000002aaa4e9b208]
Event: 4.566 Thread 0x000002aabfac3df0 1366       3       sun.util.locale.InternalLocaleBuilder::getBaseLocale (187 bytes)
Event: 4.568 Thread 0x000002aabfac3df0 nmethod 1366 0x000002aaa4e9b310 code [0x000002aaa4e9b620, 0x000002aaa4e9c698]
Event: 4.568 Thread 0x000002aabfac3df0 1338       3       sun.util.locale.LanguageTag::isRegion (36 bytes)
Event: 4.570 Thread 0x000002aabfac3df0 nmethod 1338 0x000002aaa4e9cd10 code [0x000002aaa4e9cfe0, 0x000002aaa4e9e158]
Event: 4.570 Thread 0x000002aabfac3df0 1369       3       java.util.LinkedHashMap::get (29 bytes)
Event: 4.570 Thread 0x000002aabfac3df0 nmethod 1369 0x000002aaa4e9e710 code [0x000002aaa4e9e8e0, 0x000002aaa4e9ebb8]
Event: 4.570 Thread 0x000002aabfac3df0 1337       3       sun.util.locale.LanguageTag::isExtlang (21 bytes)
Event: 4.571 Thread 0x000002aabfac3df0 nmethod 1337 0x000002aaa4e9ec90 code [0x000002aaa4e9eec0, 0x000002aaa4e9f858]
Event: 4.571 Thread 0x000002aabfac3df0 1367  s    3       jdk.internal.loader.Resource::cachedInputStream (20 bytes)
Event: 4.571 Thread 0x000002aabfac3df0 nmethod 1367 0x000002aaa4e9fb90 code [0x000002aaa4e9fd40, 0x000002aaa4ea0088]

GC Heap History (0 events):
No events

Deoptimization events (20 events):
Event: 4.421 Thread 0x000002aac08ee960 DEOPT PACKING pc=0x000002aaa4e3cbb1 sp=0x000000b98e6fcf50
Event: 4.421 Thread 0x000002aac08ee960 DEOPT UNPACKING pc=0x000002aaa46fdece sp=0x000000b98e6fc3a8 mode 0
Event: 4.423 Thread 0x000002aac08ee960 DEOPT PACKING pc=0x000002aaa4e3cbb1 sp=0x000000b98e6fcf50
Event: 4.423 Thread 0x000002aac08ee960 DEOPT UNPACKING pc=0x000002aaa46fdece sp=0x000000b98e6fc3a8 mode 0
Event: 4.423 Thread 0x000002aac08ee960 DEOPT PACKING pc=0x000002aaa4e3cbb1 sp=0x000000b98e6fcf50
Event: 4.423 Thread 0x000002aac08ee960 DEOPT UNPACKING pc=0x000002aaa46fdece sp=0x000000b98e6fc3a8 mode 0
Event: 4.427 Thread 0x000002aac08ee960 DEOPT PACKING pc=0x000002aaa4e3cbb1 sp=0x000000b98e6fd1e0
Event: 4.427 Thread 0x000002aac08ee960 DEOPT UNPACKING pc=0x000002aaa46fdece sp=0x000000b98e6fc638 mode 0
Event: 4.443 Thread 0x000002aac08ee960 DEOPT PACKING pc=0x000002aaa4dd85e5 sp=0x000000b98e6f9490
Event: 4.443 Thread 0x000002aac08ee960 DEOPT UNPACKING pc=0x000002aaa46fdece sp=0x000000b98e6f88e0 mode 0
Event: 4.463 Thread 0x000002aac08ee960 DEOPT PACKING pc=0x000002aaa4dd85e5 sp=0x000000b98e6fc5e0
Event: 4.463 Thread 0x000002aac08ee960 DEOPT UNPACKING pc=0x000002aaa46fdece sp=0x000000b98e6fba30 mode 0
Event: 4.487 Thread 0x000002aac08ee960 Uncommon trap: trap_request=0xffffff45 fr.pc=0x000002aaac1d7944 relative=0x0000000000000384
Event: 4.487 Thread 0x000002aac08ee960 Uncommon trap: reason=unstable_if action=reinterpret pc=0x000002aaac1d7944 method=java.lang.Integer.parseInt(Ljava/lang/String;I)I @ 119 c2
Event: 4.487 Thread 0x000002aac08ee960 DEOPT PACKING pc=0x000002aaac1d7944 sp=0x000000b98e6fd9c0
Event: 4.487 Thread 0x000002aac08ee960 DEOPT UNPACKING pc=0x000002aaa46fd72e sp=0x000000b98e6fd938 mode 2
Event: 4.504 Thread 0x000002aac08ee960 Uncommon trap: trap_request=0xffffff45 fr.pc=0x000002aaac1d4c94 relative=0x00000000000000f4
Event: 4.504 Thread 0x000002aac08ee960 Uncommon trap: reason=unstable_if action=reinterpret pc=0x000002aaac1d4c94 method=java.lang.CharacterDataLatin1.digit(II)I @ 7 c2
Event: 4.504 Thread 0x000002aac08ee960 DEOPT PACKING pc=0x000002aaac1d4c94 sp=0x000000b98e6fd720
Event: 4.504 Thread 0x000002aac08ee960 DEOPT UNPACKING pc=0x000002aaa46fd72e sp=0x000000b98e6fd5e0 mode 2

Classes unloaded (0 events):
No events

Classes redefined (0 events):
No events

Internal exceptions (20 events):
Event: 0.236 Thread 0x000002aac06d9150 Exception <a 'java/lang/NoSuchMethodError'{0x000000071228ba78}: 'void java.lang.invoke.DirectMethodHandle$Holder.invokeStatic(java.lang.Object, java.lang.Object)'> (0x000000071228ba78) 
thrown [t:\workspace\open\src\hotspot\share\interpreter\linkResolver.cpp, line 790]
Event: 0.250 Thread 0x000002aa9cf39aa0 Exception <a 'java/lang/ClassNotFoundException'{0x0000000712249a10}: sun/awt/resources/spi/awtProvider> (0x0000000712249a10) 
thrown [t:\workspace\open\src\hotspot\share\classfile\systemDictionary.cpp, line 256]
Event: 0.294 Thread 0x000002aa9cf39aa0 Exception <a 'java/io/FileNotFoundException'{0x000000071230fb30}> (0x000000071230fb30) 
thrown [t:\workspace\open\src\hotspot\share\prims\jni.cpp, line 579]
Event: 0.308 Thread 0x000002aa9cf39aa0 Exception <a 'java/io/FileNotFoundException'{0x000000071233e6a8}> (0x000000071233e6a8) 
thrown [t:\workspace\open\src\hotspot\share\prims\jni.cpp, line 579]
Event: 0.498 Thread 0x000002aa9cf39aa0 Exception <a 'java/lang/NoSuchMethodError'{0x0000000712027d58}: 'java.lang.Object java.lang.invoke.DirectMethodHandle$Holder.newInvokeSpecial(java.lang.Object, java.lang.Object, java.lang.Object, java.lang.Object, java.lang.Object)'> (0x0000000712027d58) 
thrown [t:\workspace\open\src\hotspot\share\interpreter\linkResolver.cpp, line 790]
Event: 0.502 Thread 0x000002aa9cf39aa0 Exception <a 'java/lang/NoSuchMethodError'{0x0000000712033840}: 'java.lang.Object java.lang.invoke.DirectMethodHandle$Holder.invokeStatic(java.lang.Object, int, java.lang.Object, java.lang.Object, java.lang.Object, java.lang.Object)'> (0x0000000712033840) 
thrown [t:\workspace\open\src\hotspot\share\interpreter\linkResolver.cpp, line 790]
Event: 0.515 Thread 0x000002aa9cf39aa0 Exception <a 'java/lang/NoSuchMethodError'{0x0000000712059908}: 'java.lang.Object java.lang.invoke.DirectMethodHandle$Holder.invokeStatic(java.lang.Object, int, java.lang.Object)'> (0x0000000712059908) 
thrown [t:\workspace\open\src\hotspot\share\interpreter\linkResolver.cpp, line 790]
Event: 0.564 Thread 0x000002aa9cf39aa0 Exception <a 'java/lang/ClassNotFoundException'{0x0000000712111b88}: com/sun/swing/internal/plaf/metal/resources/spi/metalProvider> (0x0000000712111b88) 
thrown [t:\workspace\open\src\hotspot\share\classfile\systemDictionary.cpp, line 256]
Event: 0.566 Thread 0x000002aa9cf39aa0 Exception <a 'java/lang/ClassNotFoundException'{0x0000000712115e30}: com/sun/swing/internal/plaf/basic/resources/spi/basicProvider> (0x0000000712115e30) 
thrown [t:\workspace\open\src\hotspot\share\classfile\systemDictionary.cpp, line 256]
Event: 0.674 Thread 0x000002aa9cf39aa0 Exception <a 'java/lang/NoSuchMethodError'{0x0000000712185cc8}: 'void java.lang.invoke.DirectMethodHandle$Holder.invokeStaticInit(java.lang.Object)'> (0x0000000712185cc8) 
thrown [t:\workspace\open\src\hotspot\share\interpreter\linkResolver.cpp, line 790]
Event: 0.806 Thread 0x000002aac085db30 Exception <a 'java/lang/NoSuchMethodError'{0x00000007123e1738}: 'void java.lang.invoke.DirectMethodHandle$Holder.invokeVirtual(java.lang.Object, java.lang.Object)'> (0x00000007123e1738) 
thrown [t:\workspace\open\src\hotspot\share\interpreter\linkResolver.cpp, line 790]
Event: 3.998 Thread 0x000002aac08ee960 Exception <a 'java/lang/NoSuchMethodError'{0x0000000711d512f8}: 'java.lang.Object java.lang.invoke.DirectMethodHandle$Holder.invokeVirtual(java.lang.Object, java.lang.Object, java.lang.Object, java.lang.Object)'> (0x0000000711d512f8) 
thrown [t:\workspace\open\src\hotspot\share\interpreter\linkResolver.cpp, line 790]
Event: 4.000 Thread 0x000002aac08ee960 Exception <a 'java/lang/NoSuchMethodError'{0x0000000711d5a160}: 'void java.lang.invoke.DirectMethodHandle$Holder.invokeStatic(java.lang.Object, java.lang.Object, java.lang.Object, java.lang.Object)'> (0x0000000711d5a160) 
thrown [t:\workspace\open\src\hotspot\share\interpreter\linkResolver.cpp, line 790]
Event: 4.094 Thread 0x000002aac08ee960 Exception <a 'java/lang/NoSuchMethodError'{0x0000000711a55a30}: 'java.lang.Object java.lang.invoke.DirectMethodHandle$Holder.invokeInterface(java.lang.Object, java.lang.Object)'> (0x0000000711a55a30) 
thrown [t:\workspace\open\src\hotspot\share\interpreter\linkResolver.cpp, line 790]
Event: 4.096 Thread 0x000002aac08ee960 Exception <a 'java/lang/NoSuchMethodError'{0x0000000711a5e3b8}: 'java.lang.Object java.lang.invoke.DirectMethodHandle$Holder.invokeStaticInit(java.lang.Object, java.lang.Object, java.lang.Object)'> (0x0000000711a5e3b8) 
thrown [t:\workspace\open\src\hotspot\share\interpreter\linkResolver.cpp, line 790]
Event: 4.103 Thread 0x000002aac08ee960 Exception <a 'java/lang/NoSuchMethodError'{0x0000000711a82ee8}: 'int java.lang.invoke.DirectMethodHandle$Holder.invokeSpecial(java.lang.Object, java.lang.Object, java.lang.Object)'> (0x0000000711a82ee8) 
thrown [t:\workspace\open\src\hotspot\share\interpreter\linkResolver.cpp, line 790]
Event: 4.197 Thread 0x000002aac08ee960 Exception <a 'java/lang/NoSuchMethodError'{0x0000000711b77f58}: 'java.lang.Object java.lang.invoke.DirectMethodHandle$Holder.invokeStaticInit(java.lang.Object, int, int, int, int)'> (0x0000000711b77f58) 
thrown [t:\workspace\open\src\hotspot\share\interpreter\linkResolver.cpp, line 790]
Event: 4.275 Thread 0x000002aac08ee960 Exception <a 'java/lang/NoSuchMethodError'{0x0000000711bb2cd8}: 'java.lang.Object java.lang.invoke.DirectMethodHandle$Holder.invokeStaticInit(java.lang.Object, java.lang.Object, int, int, int, int)'> (0x0000000711bb2cd8) 
thrown [t:\workspace\open\src\hotspot\share\interpreter\linkResolver.cpp, line 790]
Event: 4.352 Thread 0x000002aac08ee960 Exception <a 'sun/nio/fs/WindowsException'{0x000000071193b5e0}> (0x000000071193b5e0) 
thrown [t:\workspace\open\src\hotspot\share\prims\jni.cpp, line 579]
Event: 4.424 Thread 0x000002aac08ee960 Exception <a 'java/lang/NoSuchMethodError'{0x000000071198ab08}: 'void java.lang.invoke.DirectMethodHandle$Holder.invokeStatic(java.lang.Object, java.lang.Object, java.lang.Object)'> (0x000000071198ab08) 
thrown [t:\workspace\open\src\hotspot\share\interpreter\linkResolver.cpp, line 790]

Events (20 events):
Event: 4.473 loading class java/lang/NoSuchFieldError
Event: 4.473 loading class java/lang/NoSuchFieldError done
Event: 4.496 loading class java/time/format/DateTimeParseException
Event: 4.496 loading class java/time/DateTimeException
Event: 4.496 loading class java/time/DateTimeException done
Event: 4.496 loading class java/time/format/DateTimeParseException done
Event: 4.496 loading class java/util/SimpleTimeZone
Event: 4.496 loading class java/util/SimpleTimeZone done
Event: 4.498 loading class java/time/OffsetDateTime
Event: 4.498 loading class java/time/OffsetDateTime done
Event: 4.499 loading class java/time/LocalDateTime$1
Event: 4.499 loading class java/time/LocalDateTime$1 done
Event: 4.500 loading class java/time/chrono/IsoEra
Event: 4.500 loading class java/time/chrono/Era
Event: 4.500 loading class java/time/chrono/Era done
Event: 4.500 loading class java/time/chrono/IsoEra done
Event: 4.500 loading class java/time/Instant$1
Event: 4.500 loading class java/time/Instant$1 done
Event: 4.566 Loaded shared library C:\Users\zembium\.jdks\openjdk-16.0.2\bin\verify.dll
Event: 4.573 Loaded shared library C:\Users\zembium\.jssc\windows\jSSC-2.7_x86_64.dll


Dynamic libraries:
0x00007ff72b6d0000 - 0x00007ff72b6de000 	C:\Users\zembium\.jdks\openjdk-16.0.2\bin\java.exe
0x00007ff97d3f0000 - 0x00007ff97d5e7000 	C:\WINDOWS\SYSTEM32\ntdll.dll
0x00007ff97cc20000 - 0x00007ff97ccdd000 	C:\WINDOWS\System32\KERNEL32.DLL
0x00007ff97af40000 - 0x00007ff97b20d000 	C:\WINDOWS\System32\KERNELBASE.dll
0x00007ff97b2c0000 - 0x00007ff97b3c0000 	C:\WINDOWS\System32\ucrtbase.dll
0x00007ff9766e0000 - 0x00007ff9766f8000 	C:\Users\zembium\.jdks\openjdk-16.0.2\bin\jli.dll
0x00007ff97cfd0000 - 0x00007ff97d170000 	C:\WINDOWS\System32\USER32.dll
0x00007ff97ab60000 - 0x00007ff97ab82000 	C:\WINDOWS\System32\win32u.dll
0x00007ff97b750000 - 0x00007ff97b77a000 	C:\WINDOWS\System32\GDI32.dll
0x00007ff97adc0000 - 0x00007ff97aecb000 	C:\WINDOWS\System32\gdi32full.dll
0x00007ff97ad20000 - 0x00007ff97adbd000 	C:\WINDOWS\System32\msvcp_win.dll
0x00007ff976470000 - 0x00007ff976489000 	C:\Users\zembium\.jdks\openjdk-16.0.2\bin\VCRUNTIME140.dll
0x00007ff967b10000 - 0x00007ff967daa000 	C:\WINDOWS\WinSxS\amd64_microsoft.windows.common-controls_6595b64144ccf1df_6.0.19041.1110_none_60b5254171f9507e\COMCTL32.dll
0x00007ff97c410000 - 0x00007ff97c4ae000 	C:\WINDOWS\System32\msvcrt.dll
0x00007ff97bb70000 - 0x00007ff97bba0000 	C:\WINDOWS\System32\IMM32.DLL
0x00007ff9766d0000 - 0x00007ff9766dc000 	C:\Users\zembium\.jdks\openjdk-16.0.2\bin\vcruntime140_1.dll
0x00007ff943530000 - 0x00007ff9435c1000 	C:\Users\zembium\.jdks\openjdk-16.0.2\bin\msvcp140.dll
0x00007ff90f240000 - 0x00007ff90fdeb000 	C:\Users\zembium\.jdks\openjdk-16.0.2\bin\server\jvm.dll
0x00007ff97cb70000 - 0x00007ff97cc1e000 	C:\WINDOWS\System32\ADVAPI32.dll
0x00007ff97ce00000 - 0x00007ff97ce9c000 	C:\WINDOWS\System32\sechost.dll
0x00007ff97cea0000 - 0x00007ff97cfc5000 	C:\WINDOWS\System32\RPCRT4.dll
0x00007ff97b6e0000 - 0x00007ff97b6e8000 	C:\WINDOWS\System32\PSAPI.DLL
0x00007ff963c40000 - 0x00007ff963c49000 	C:\WINDOWS\SYSTEM32\WSOCK32.dll
0x00007ff97cd90000 - 0x00007ff97cdfb000 	C:\WINDOWS\System32\WS2_32.dll
0x00007ff967ae0000 - 0x00007ff967b07000 	C:\WINDOWS\SYSTEM32\WINMM.dll
0x00007ff9742d0000 - 0x00007ff9742da000 	C:\WINDOWS\SYSTEM32\VERSION.dll
0x00007ff978930000 - 0x00007ff978942000 	C:\WINDOWS\SYSTEM32\kernel.appcore.dll
0x00007ff976510000 - 0x00007ff97651a000 	C:\Users\zembium\.jdks\openjdk-16.0.2\bin\jimage.dll
0x00007ff9671a0000 - 0x00007ff967384000 	C:\WINDOWS\SYSTEM32\DBGHELP.DLL
0x00007ff95d5f0000 - 0x00007ff95d61c000 	C:\WINDOWS\SYSTEM32\dbgcore.DLL
0x00007ff97b3c0000 - 0x00007ff97b442000 	C:\WINDOWS\System32\bcryptPrimitives.dll
0x00007ff976460000 - 0x00007ff97646e000 	C:\Users\zembium\.jdks\openjdk-16.0.2\bin\instrument.dll
0x00007ff9660a0000 - 0x00007ff9660c5000 	C:\Users\zembium\.jdks\openjdk-16.0.2\bin\java.dll
0x00007ff97bcb0000 - 0x00007ff97c3f4000 	C:\WINDOWS\System32\SHELL32.dll
0x00007ff978c10000 - 0x00007ff9793a4000 	C:\WINDOWS\SYSTEM32\windows.storage.dll
0x00007ff97b800000 - 0x00007ff97bb54000 	C:\WINDOWS\System32\combase.dll
0x00007ff97a570000 - 0x00007ff97a59c000 	C:\WINDOWS\SYSTEM32\Wldp.dll
0x00007ff97bba0000 - 0x00007ff97bc4d000 	C:\WINDOWS\System32\SHCORE.dll
0x00007ff97d350000 - 0x00007ff97d3a5000 	C:\WINDOWS\System32\shlwapi.dll
0x00007ff97aa50000 - 0x00007ff97aa6f000 	C:\WINDOWS\SYSTEM32\profapi.dll
0x00007ff958ce0000 - 0x00007ff958cf8000 	C:\Users\zembium\.jdks\openjdk-16.0.2\bin\zip.dll
0x00007ff9661a0000 - 0x00007ff9661b9000 	C:\Users\zembium\.jdks\openjdk-16.0.2\bin\net.dll
0x00007ff969f30000 - 0x00007ff96a03a000 	C:\WINDOWS\SYSTEM32\WINHTTP.dll
0x00007ff97a2d0000 - 0x00007ff97a33a000 	C:\WINDOWS\system32\mswsock.dll
0x00007ff958d00000 - 0x00007ff958d13000 	C:\Users\zembium\.jdks\openjdk-16.0.2\bin\nio.dll
0x00007ff951100000 - 0x00007ff95111a000 	C:\Program Files\JetBrains\IntelliJ IDEA Community Edition 2021.2.1\bin\breakgen64.dll
0x00007ff90e980000 - 0x00007ff90eaff000 	C:\Users\zembium\.jdks\openjdk-16.0.2\bin\awt.dll
0x00007ff97d200000 - 0x00007ff97d2cd000 	C:\WINDOWS\System32\OLEAUT32.dll
0x00007ff978320000 - 0x00007ff9783b0000 	C:\WINDOWS\SYSTEM32\apphelp.dll
0x00007ff978900000 - 0x00007ff97892f000 	C:\WINDOWS\system32\DWMAPI.DLL
0x00007ff9784b0000 - 0x00007ff97854e000 	C:\WINDOWS\system32\uxtheme.dll
0x00007ff954e70000 - 0x00007ff954f96000 	C:\WINDOWS\system32\opengl32.dll
0x00007ff9521f0000 - 0x00007ff95221c000 	C:\WINDOWS\SYSTEM32\GLU32.dll
0x00007ff97c4b0000 - 0x00007ff97c5c5000 	C:\WINDOWS\System32\MSCTF.dll
0x00007ff97c5d0000 - 0x00007ff97c6fa000 	C:\WINDOWS\System32\ole32.dll
0x00007ff935840000 - 0x00007ff9358c9000 	C:\Users\zembium\.jdks\openjdk-16.0.2\bin\freetype.dll
0x00007ff90e880000 - 0x00007ff90e976000 	C:\Users\zembium\.jdks\openjdk-16.0.2\bin\harfbuzz.dll
0x00007ff9508f0000 - 0x00007ff950902000 	C:\Users\zembium\.jdks\openjdk-16.0.2\bin\fontmanager.dll
0x00007ff96c9c0000 - 0x00007ff96cab9000 	C:\WINDOWS\SYSTEM32\textinputframework.dll
0x00007ff977ff0000 - 0x00007ff9780e2000 	C:\WINDOWS\System32\CoreMessaging.dll
0x00007ff977910000 - 0x00007ff977c6e000 	C:\WINDOWS\System32\CoreUIComponents.dll
0x00007ff979810000 - 0x00007ff979843000 	C:\WINDOWS\SYSTEM32\ntmarta.dll
0x00007ff976890000 - 0x00007ff9769e4000 	C:\WINDOWS\SYSTEM32\wintypes.dll
0x00007ff979fc0000 - 0x00007ff97a08b000 	C:\WINDOWS\SYSTEM32\DNSAPI.dll
0x00007ff979f70000 - 0x00007ff979fab000 	C:\WINDOWS\SYSTEM32\IPHLPAPI.DLL
0x00007ff97c400000 - 0x00007ff97c408000 	C:\WINDOWS\System32\NSI.dll
0x0000000063560000 - 0x0000000063569000 	C:\Program Files\National Instruments\Shared\mDNS Responder\nimdnsNSP.dll
0x000000006e630000 - 0x000000006e6d3000 	C:\WINDOWS\WinSxS\amd64_microsoft.vc90.crt_1fc8b3b9a1e18e3b_9.0.30729.9625_none_08e1c10da83fbc83\MSVCR90.dll
0x0000000063550000 - 0x000000006355e000 	C:\WINDOWS\SYSTEM32\nimdnsResponder.dll
0x00007ff965ae0000 - 0x00007ff965aea000 	C:\Windows\System32\rasadhlp.dll
0x00007ff965b00000 - 0x00007ff965b80000 	C:\WINDOWS\System32\fwpuclnt.dll
0x00007ff97acf0000 - 0x00007ff97ad17000 	C:\WINDOWS\System32\bcrypt.dll
0x00007ff973930000 - 0x00007ff973939000 	C:\Users\zembium\.jdks\openjdk-16.0.2\bin\management.dll
0x00007ff96da50000 - 0x00007ff96da5b000 	C:\Users\zembium\.jdks\openjdk-16.0.2\bin\management_ext.dll
0x00007ff97a4d0000 - 0x00007ff97a4e8000 	C:\WINDOWS\SYSTEM32\CRYPTSP.dll
0x00007ff979be0000 - 0x00007ff979c14000 	C:\WINDOWS\system32\rsaenh.dll
0x00007ff97a9d0000 - 0x00007ff97a9fe000 	C:\WINDOWS\SYSTEM32\USERENV.dll
0x00007ff97a4c0000 - 0x00007ff97a4cc000 	C:\WINDOWS\SYSTEM32\CRYPTBASE.dll
0x00007ff973e00000 - 0x00007ff973e17000 	C:\WINDOWS\SYSTEM32\dhcpcsvc6.DLL
0x00007ff974210000 - 0x00007ff97422d000 	C:\WINDOWS\SYSTEM32\dhcpcsvc.DLL
0x00007ff96d8c0000 - 0x00007ff96d8ce000 	C:\Users\zembium\.jdks\openjdk-16.0.2\bin\sunmscapi.dll
0x00007ff97ab90000 - 0x00007ff97ace6000 	C:\WINDOWS\System32\CRYPT32.dll
0x00007ff97a5e0000 - 0x00007ff97a607000 	C:\WINDOWS\SYSTEM32\ncrypt.dll
0x00007ff97a5a0000 - 0x00007ff97a5db000 	C:\WINDOWS\SYSTEM32\NTASN1.dll
0x00007ff976450000 - 0x00007ff976460000 	C:\Users\zembium\.jdks\openjdk-16.0.2\bin\verify.dll
0x000000006ec40000 - 0x000000006ec65000 	C:\Users\zembium\.jssc\windows\jSSC-2.7_x86_64.dll

dbghelp: loaded successfully - version: 4.0.5 - missing functions: none
symbol engine: initialized successfully - sym options: 0x614 - pdb path: .;C:\Users\zembium\.jdks\openjdk-16.0.2\bin;C:\WINDOWS\SYSTEM32;C:\WINDOWS\WinSxS\amd64_microsoft.windows.common-controls_6595b64144ccf1df_6.0.19041.1110_none_60b5254171f9507e;C:\Users\zembium\.jdks\openjdk-16.0.2\bin\server;C:\Program Files\JetBrains\IntelliJ IDEA Community Edition 2021.2.1\bin;C:\Program Files\National Instruments\Shared\mDNS Responder;C:\WINDOWS\WinSxS\amd64_microsoft.vc90.crt_1fc8b3b9a1e18e3b_9.0.30729.9625_none_08e1c10da83fbc83;C:\Users\zembium\.jssc\windows

VM Arguments:
jvm_args: -javaagent:C:\Program Files\JetBrains\IntelliJ IDEA Community Edition 2021.2.1\lib\idea_rt.jar=52256:C:\Program Files\JetBrains\IntelliJ IDEA Community Edition 2021.2.1\bin -Dfile.encoding=UTF-8 
java_command: Mainwindow
java_class_path (initial): C:\Users\zembium\Desktop\projects\arduino\out\production\arduino;C:\Users\zembium\Desktop\projects\arduino\postgresql-42.4.0.jar;C:\Users\zembium\Desktop\projects\arduino\jssc.jar
Launcher Type: SUN_STANDARD

[Global flags]
     intx CICompilerCount                          = 4                                         {product} {ergonomic}
     uint ConcGCThreads                            = 2                                         {product} {ergonomic}
     uint G1ConcRefinementThreads                  = 8                                         {product} {ergonomic}
   size_t G1HeapRegionSize                         = 2097152                                   {product} {ergonomic}
    uintx GCDrainStackTargetSize                   = 64                                        {product} {ergonomic}
   size_t InitialHeapSize                          = 266338304                                 {product} {ergonomic}
   size_t MarkStackSize                            = 4194304                                   {product} {ergonomic}
   size_t MaxHeapSize                              = 4253024256                                {product} {ergonomic}
   size_t MaxNewSize                               = 2550136832                                {product} {ergonomic}
   size_t MinHeapDeltaBytes                        = 2097152                                   {product} {ergonomic}
   size_t MinHeapSize                              = 8388608                                   {product} {ergonomic}
    uintx NonNMethodCodeHeapSize                   = 5839372                                {pd product} {ergonomic}
    uintx NonProfiledCodeHeapSize                  = 122909434                              {pd product} {ergonomic}
    uintx ProfiledCodeHeapSize                     = 122909434                              {pd product} {ergonomic}
    uintx ReservedCodeCacheSize                    = 251658240                              {pd product} {ergonomic}
     bool SegmentedCodeCache                       = true                                      {product} {ergonomic}
   size_t SoftMaxHeapSize                          = 4253024256                             {manageable} {ergonomic}
     bool UseCompressedClassPointers               = true                           {product lp64_product} {ergonomic}
     bool UseCompressedOops                        = true                           {product lp64_product} {ergonomic}
     bool UseG1GC                                  = true                                      {product} {ergonomic}
     bool UseLargePagesIndividualAllocation        = false                                  {pd product} {ergonomic}

Logging:
Log output configuration:
 #0: stdout all=warning uptime,level,tags
 #1: stderr all=off uptime,level,tags

Environment Variables:
PATH=C:\Program Files\Python37\Scripts\;C:\Program Files\Python37\;C:\ProgramData\Oracle\Java\javapath;C:\WINDOWS\system32;C:\WINDOWS;C:\WINDOWS\System32\Wbem;C:\WINDOWS\System32\WindowsPowerShell\v1.0\;C:\WINDOWS\System32\OpenSSH\;C:\Program Files\NVIDIA Corporation\NVIDIA NvDLISR;C:\Program Files (x86)\NVIDIA Corporation\PhysX\Common;C:\Program Files\dotnet\;C:\Program Files\Git\cmd;C:\Users\zembium\AppData\Local\Programs\Python\Python310\Scripts\;C:\Users\zembium\AppData\Local\Programs\Python\Python310\;C:\Users\zembium\AppData\Local\Microsoft\WindowsApps;C:\Users\zembium\.dotnet\tools;C:\Users\zembium\AppData\Local\Programs\Microsoft VS Code\bin
USERNAME=zembium
OS=Windows_NT
PROCESSOR_IDENTIFIER=Intel64 Family 6 Model 158 Stepping 10, GenuineIntel



---------------  S Y S T E M  ---------------

OS:
 Windows 10 , 64 bit Build 19041 (10.0.19041.1741)
OS uptime: 0 days 5:36 hours

CPU: total 8 (initial active 8) (4 cores per cpu, 2 threads per core) family 6 model 158 stepping 10 microcode 0xcc, cx8, cmov, fxsr, ht, mmx, 3dnowpref, sse, sse2, sse3, ssse3, sse4.1, sse4.2, popcnt, lzcnt, tsc, tscinvbit, avx, avx2, aes, erms, clmul, bmi1, bmi2, adx, fma, vzeroupper, clflush, clflushopt

Memory: 4k page, system-wide physical 16221M (7136M free)
TotalPageFile size 18653M (AvailPageFile size 5989M)
current process WorkingSet (physical memory assigned to process): 94M, peak: 94M
current process commit charge ("private bytes"): 377M, peak: 377M

vm_info: OpenJDK 64-Bit Server VM (16.0.2+7-67) for windows-amd64 JRE (16.0.2+7-67), built on Jun  8 2021 23:21:43 by "mach5one" with MS VC++ 16.7 (VS2019)

END.
